{u'description': [u"Donnie Berkholz's private developer overlay"],
 u'feeds': [u'https://cgit.gentoo.org/dev/dberkholz.git/atom/'],
 u'homepage': u'http://dev.gentoo.org/~dberkholz/overlay/',
 u'irc': None,
 u'name': u'dberkholz',
 u'official': False,
 u'owner_email': u'dberkholz@gentoo.org',
 u'owner_name': u'Donnie Berkholz',
 u'priority': 50,
 u'quality': u'experimental',
 u'sources': [(u'git://anongit.gentoo.org/dev/dberkholz', u'Git', u''),
              (u'https://anongit.gentoo.org/git/dev/dberkholz.git',
               u'Git',
               u''),
              (u'git+ssh://git@git.gentoo.org/dev/dberkholz.git',
               u'Git',
               u'')],
 u'status': u'unofficial',
 u'supported': True}
$ pmaint sync /home/mgorny/repos/dberkholz
WARNING:pkgcore:repository at '/home/mgorny/repos/anderse', named 'anderse', doesn't specify masters in metadata/layout.conf. Defaulting to whatever repository is defined as 'default' (gentoo usually). Please explicitly set the masters, or set masters = '' if the repository is standalone.
WARNING:pkgcore:repository at location '/home/mgorny/repos/clickbeetle_tools' lacks a defined repo_name
WARNING:pkgcore:repository at '/home/mgorny/repos/clickbeetle_tools', named '<unlabeled repository /home/mgorny/repos/clickbeetle_tools>', doesn't specify masters in metadata/layout.conf. Defaulting to whatever repository is defined as 'default' (gentoo usually). Please explicitly set the masters, or set masters = '' if the repository is standalone.
WARNING:pkgcore:repository at '/home/mgorny/repos/arax-os-overlay', named 'arax-os-overlay', doesn't specify masters in metadata/layout.conf. Defaulting to whatever repository is defined as 'default' (gentoo usually). Please explicitly set the masters, or set masters = '' if the repository is standalone.
WARNING:pkgcore:repository at location '/home/mgorny/repos/caio' lacks a defined repo_name
WARNING:pkgcore:repository at '/home/mgorny/repos/caio', named '<unlabeled repository /home/mgorny/repos/caio>', doesn't specify masters in metadata/layout.conf. Defaulting to whatever repository is defined as 'default' (gentoo usually). Please explicitly set the masters, or set masters = '' if the repository is standalone.
WARNING:pkgcore:repository at '/home/mgorny/repos/armagetron', named 'armagetron', doesn't specify masters in metadata/layout.conf. Defaulting to whatever repository is defined as 'default' (gentoo usually). Please explicitly set the masters, or set masters = '' if the repository is standalone.
WARNING:pkgcore:repository at '/home/mgorny/repos/asux', named 'asux', doesn't specify masters in metadata/layout.conf. Defaulting to whatever repository is defined as 'default' (gentoo usually). Please explicitly set the masters, or set masters = '' if the repository is standalone.
WARNING:pkgcore:repository at location '/home/mgorny/repos/arcon' lacks a defined repo_name
WARNING:pkgcore:repository at '/home/mgorny/repos/arcon', named '<unlabeled repository /home/mgorny/repos/arcon>', doesn't specify masters in metadata/layout.conf. Defaulting to whatever repository is defined as 'default' (gentoo usually). Please explicitly set the masters, or set masters = '' if the repository is standalone.
WARNING:pkgcore:repository at location '/home/mgorny/repos/bicatali' lacks a defined repo_name
WARNING:pkgcore:repository at '/home/mgorny/repos/bicatali', named '<unlabeled repository /home/mgorny/repos/bicatali>', doesn't specify masters in metadata/layout.conf. Defaulting to whatever repository is defined as 'default' (gentoo usually). Please explicitly set the masters, or set masters = '' if the repository is standalone.
WARNING:pkgcore:repository at '/home/mgorny/repos/arc', named 'arc', doesn't specify masters in metadata/layout.conf. Defaulting to whatever repository is defined as 'default' (gentoo usually). Please explicitly set the masters, or set masters = '' if the repository is standalone.
WARNING:pkgcore:repository at '/home/mgorny/repos/alice', named 'alice', doesn't specify masters in metadata/layout.conf. Defaulting to whatever repository is defined as 'default' (gentoo usually). Please explicitly set the masters, or set masters = '' if the repository is standalone.
WARNING:pkgcore:repository at '/home/mgorny/repos/Menelkir', named 'Menelkir', doesn't specify masters in metadata/layout.conf. Defaulting to whatever repository is defined as 'default' (gentoo usually). Please explicitly set the masters, or set masters = '' if the repository is standalone.
WARNING:pkgcore:repository at '/home/mgorny/repos/steveeJ' has an unsupported profile format(s): 'profile-set'
WARNING:pkgcore:repository at '/home/mgorny/repos/steveeJ' has an unsupported profile format(s): 'profile-set'
WARNING:pkgcore:repository at location '/home/mgorny/repos/arcon' lacks a defined repo_name
WARNING:pkgcore:repository at '/home/mgorny/repos/arcon', named '<unlabeled repository /home/mgorny/repos/arcon>', doesn't specify masters in metadata/layout.conf. Defaulting to whatever repository is defined as 'default' (gentoo usually). Please explicitly set the masters, or set masters = '' if the repository is standalone.
WARNING:pkgcore:repository at '/home/mgorny/repos/arc', named 'arc', doesn't specify masters in metadata/layout.conf. Defaulting to whatever repository is defined as 'default' (gentoo usually). Please explicitly set the masters, or set masters = '' if the repository is standalone.
WARNING:pkgcore:repository at '/home/mgorny/repos/armagetron', named 'armagetron', doesn't specify masters in metadata/layout.conf. Defaulting to whatever repository is defined as 'default' (gentoo usually). Please explicitly set the masters, or set masters = '' if the repository is standalone.
WARNING:pkgcore:repository at '/home/mgorny/repos/Menelkir', named 'Menelkir', doesn't specify masters in metadata/layout.conf. Defaulting to whatever repository is defined as 'default' (gentoo usually). Please explicitly set the masters, or set masters = '' if the repository is standalone.
WARNING:pkgcore:repository at '/home/mgorny/repos/clickbeetle_tools', named 'clickbeetle_tools', doesn't specify masters in metadata/layout.conf. Defaulting to whatever repository is defined as 'default' (gentoo usually). Please explicitly set the masters, or set masters = '' if the repository is standalone.
WARNING:pkgcore:repository at '/home/mgorny/repos/alice', named 'alice', doesn't specify masters in metadata/layout.conf. Defaulting to whatever repository is defined as 'default' (gentoo usually). Please explicitly set the masters, or set masters = '' if the repository is standalone.
Already up-to-date.
*** syncing '/home/mgorny/repos/dberkholz'...
*** synced '/home/mgorny/repos/dberkholz'
 * Sync succeeded
$ pmaint regen -t 2 dberkholz
WARNING:pkgcore:repository at '/home/mgorny/repos/steveeJ' has an unsupported profile format(s): 'profile-set'
WARNING:pkgcore:repository at '/home/mgorny/repos/steveeJ' has an unsupported profile format(s): 'profile-set'

!!! ERROR: app-pda/ipheth-pair-9999 failed.

!!! ERROR: sci-biology/TMalign-9999 failed.
!!! die invoked from directory /usr/lib64/pkgcore
!!! Call stack:
!!! die invoked from directory /usr/lib64/pkgcore
!!! Call stack:
!!!             ebuild-daemon.bash, line 451:  Called __ebd_exec_main 'daemonize'

!!! ERROR: net-wireless/iw-9999 failed.
!!! die invoked from directory /usr/lib64/pkgcore
!!! Call stack:
!!!             ebuild-daemon.bash, line 209:  Called __ebd_main_loop
!!!             ebuild-daemon.bash, line 437:  Called __ebd_process_metadata '190' 'depend'
!!!             ebuild-daemon.bash, line 370:  Called __execute_phases 'depend'
!!!             ebuild-daemon.bash, line 451:  Called __ebd_exec_main 'daemonize'
!!!             ebuild-daemon.bash, line 451:  Called __ebd_exec_main 'daemonize'
!!!             ebuild-daemon.bash, line 209:  Called __ebd_main_loop
!!!             ebuild-daemon.bash, line 437:  Called __ebd_process_metadata '153' 'depend'
!!!             ebuild-daemon.bash, line 209:  Called __ebd_main_loop
!!!                     ebuild.lib, line 426:  Called __load_ebuild '/home/mgorny/repos/dberkholz/app-pda/ipheth-pair/ipheth-pair-9999.ebuild'

!!! ERROR: app-emulation/vmware-modules-1.0.0.15-r3 failed.
!!!             ebuild-daemon.bash, line 437:  Called __ebd_process_metadata '176' 'depend'
!!!                     ebuild.lib, line 241:  Called __qa_invoke 'source' '/home/mgorny/repos/dberkholz/app-pda/ipheth-pair/ipheth-pair-9999.ebuild'
!!! die invoked from directory /usr/lib64/pkgcore
!!! Call stack:
!!!             ebuild-daemon.bash, line 370:  Called __execute_phases 'depend'
!!!             ebuild-daemon.bash, line 370:  Called __execute_phases 'depend'
!!!                     ebuild.lib, line 426:  Called __load_ebuild '/home/mgorny/repos/dberkholz/net-wireless/iw/iw-9999.ebuild'
!!!                     ebuild.lib, line 241:  Called __qa_invoke 'source' '/home/mgorny/repos/dberkholz/net-wireless/iw/iw-9999.ebuild'
!!!                  ebuild-daemon.bash, line 451:  Called __ebd_exec_main 'daemonize'
!!!         isolated-functions.lib, line 221:  Called source '/home/mgorny/repos/dberkholz/app-pda/ipheth-pair/ipheth-pair-9999.ebuild'
!!!                     ebuild.lib, line 426:  Called __load_ebuild '/home/mgorny/repos/dberkholz/sci-biology/TMalign/TMalign-9999.ebuild'

!!! ERROR: sci-biology/mmult-1.0 failed.
!!!        ipheth-pair-9999.ebuild, line   5:  Called inherit 'git' 'autotools'
!!!                     ebuild.lib, line 241:  Called __qa_invoke 'source' '/home/mgorny/repos/dberkholz/sci-biology/TMalign/TMalign-9999.ebuild'
!!! die invoked from directory /usr/lib64/pkgcore
!!! Call stack:
!!!                  ebuild-daemon.bash, line 209:  Called __ebd_main_loop
!!!   ebuild-default-functions.lib, line 230:  Called __internal_inherit 'git'
!!!         isolated-functions.lib, line 221:  Called source '/home/mgorny/repos/dberkholz/sci-biology/TMalign/TMalign-9999.ebuild'
!!!             ebuild-daemon.bash, line 451:  Called __ebd_exec_main 'daemonize'
!!!              ebuild-daemon.lib, line  35:  Called die
!!! The die message:
!!!  inherit for git failed


!!! ERROR: dev-util/oprofile-0.9.3-r1 failed.
!!!                  ebuild-daemon.bash, line 437:  Called __ebd_process_metadata '250' 'depend'
!!!                  ebuild-daemon.bash, line 370:  Called __execute_phases 'depend'
!!!             ebuild-daemon.bash, line 209:  Called __ebd_main_loop
!!!                          ebuild.lib, line 426:  Called __load_ebuild '/home/mgorny/repos/dberkholz/app-emulation/vmware-modules/vmware-modules-1.0.0.15-r3.ebuild'
!!!         isolated-functions.lib, line 221:  Called source '/home/mgorny/repos/dberkholz/net-wireless/iw/iw-9999.ebuild'
!!!                 iw-9999.ebuild, line   7:  Called inherit 'git' 'toolchain-funcs' 'linux-info'
!!! die invoked from directory /usr/lib64/pkgcore
!!! Call stack:
!!!            TMalign-9999.ebuild, line   7:  Called inherit 'fortran'
!!!   ebuild-default-functions.lib, line 230:  Called __internal_inherit 'git'

!!! ERROR: sci-libs/etsf_io-1.0.2 failed.
!!!             ebuild-daemon.bash, line 451:  Called __ebd_exec_main 'daemonize'
!!!             ebuild-daemon.bash, line 437:  Called __ebd_process_metadata '165' 'depend'
!!!                          ebuild.lib, line 241:  Called __qa_invoke 'source' '/home/mgorny/repos/dberkholz/app-emulation/vmware-modules/vmware-modules-1.0.0.15-r3.ebuild'
!!! die invoked from directory /usr/lib64/pkgcore
!!! Call stack:
!!!              ebuild-daemon.lib, line  35:  Called die
!!! The die message:
!!!  inherit for git failed

!!!   ebuild-default-functions.lib, line 230:  Called __internal_inherit 'fortran'

!!! ERROR: sci-libs/bigdft-1.2.0 failed.

!!! ERROR: app-misc/labyrinth-0.4.1 failed.
!!!              ebuild-daemon.lib, line  35:  Called die
!!! The die message:
!!!  inherit for fortran failed

!!!             ebuild-daemon.bash, line 370:  Called __execute_phases 'depend'

!!! ERROR: net-wireless/kismet-2007.10.1 failed.
!!! die invoked from directory /usr/lib64/pkgcore
!!! Call stack:
!!! die invoked from directory /usr/lib64/pkgcore
!!! Call stack:
!!! die invoked from directory /usr/lib64/pkgcore
!!! Call stack:

!!! ERROR: x11-drivers/nvidia-drivers-280.11 failed.
!!!             ebuild-daemon.bash, line 209:  Called __ebd_main_loop
!!!              isolated-functions.lib, line 221:  Called source '/home/mgorny/repos/dberkholz/app-emulation/vmware-modules/vmware-modules-1.0.0.15-r3.ebuild'
!!! die invoked from directory /usr/lib64/pkgcore
!!! Call stack:
!!!             ebuild-daemon.bash, line 451:  Called __ebd_exec_main 'daemonize'
!!!             ebuild-daemon.bash, line 451:  Called __ebd_exec_main 'daemonize'
!!!                     ebuild.lib, line 426:  Called __load_ebuild '/home/mgorny/repos/dberkholz/sci-biology/mmult/mmult-1.0.ebuild'

!!! ERROR: app-misc/labyrinth-9999 failed.
!!!             ebuild-daemon.bash, line 451:  Called __ebd_exec_main 'daemonize'
!!!             ebuild-daemon.bash, line 451:  Called __ebd_exec_main 'daemonize'
!!! die invoked from directory /usr/lib64/pkgcore
!!! Call stack:
!!!             ebuild-daemon.bash, line 437:  Called __ebd_process_metadata '193' 'depend'
!!!             ebuild-daemon.bash, line 209:  Called __ebd_main_loop
!!!             ebuild-daemon.bash, line 209:  Called __ebd_main_loop
!!!             ebuild-daemon.bash, line 209:  Called __ebd_main_loop
!!!   vmware-modules-1.0.0.15-r3.ebuild, line   9:  Called inherit 'vmware-mod'

!!! ERROR: sci-libs/libxc-0.9 failed.
!!!                     ebuild.lib, line 241:  Called __qa_invoke 'source' '/home/mgorny/repos/dberkholz/sci-biology/mmult/mmult-1.0.ebuild'
!!! die invoked from directory /usr/lib64/pkgcore
!!! Call stack:
!!!             ebuild-daemon.bash, line 437:  Called __ebd_process_metadata '189' 'depend'
!!!             ebuild-daemon.bash, line 437:  Called __ebd_process_metadata '174' 'depend'
!!!             ebuild-daemon.bash, line 209:  Called __ebd_main_loop
!!!             ebuild-daemon.bash, line 451:  Called __ebd_exec_main 'daemonize'
!!!             ebuild-daemon.bash, line 370:  Called __execute_phases 'depend'
!!!        ebuild-default-functions.lib, line 230:  Called __internal_inherit 'vmware-mod'
!!!                   ebuild-daemon.lib, line  35:  Called die
!!! The die message:
!!!  inherit for vmware-mod failed

!!!         isolated-functions.lib, line 221:  Called source '/home/mgorny/repos/dberkholz/sci-biology/mmult/mmult-1.0.ebuild'

!!! ERROR: sci-libs/fox-4.0.3 failed.
!!!             ebuild-daemon.bash, line 451:  Called __ebd_exec_main 'daemonize'
!!!             ebuild-daemon.bash, line 451:  Called __ebd_exec_main 'daemonize'
!!!             ebuild-daemon.bash, line 370:  Called __execute_phases 'depend'
!!!             ebuild-daemon.bash, line 437:  Called __ebd_process_metadata '181' 'depend'
!!!             ebuild-daemon.bash, line 437:  Called __ebd_process_metadata '202' 'depend'
!!!                     ebuild.lib, line 426:  Called __load_ebuild '/home/mgorny/repos/dberkholz/dev-util/oprofile/oprofile-0.9.3-r1.ebuild'
!!!               mmult-1.0.ebuild, line   5:  Called inherit 'autotools' 'eutils' 'fortran'
!!! die invoked from directory /usr/lib64/pkgcore
!!! Call stack:
!!!             ebuild-daemon.bash, line 370:  Called __execute_phases 'depend'
!!!   ebuild-default-functions.lib, line 230:  Called __internal_inherit 'fortran'
!!!                     ebuild.lib, line 426:  Called __load_ebuild '/home/mgorny/repos/dberkholz/sci-libs/bigdft/bigdft-1.2.0.ebuild'
!!!             ebuild-daemon.bash, line 209:  Called __ebd_main_loop
!!!                     ebuild.lib, line 241:  Called __qa_invoke 'source' '/home/mgorny/repos/dberkholz/dev-util/oprofile/oprofile-0.9.3-r1.ebuild'
!!!             ebuild-daemon.bash, line 370:  Called __execute_phases 'depend'
!!!              ebuild-daemon.lib, line  35:  Called die
!!! The die message:
!!!  inherit for fortran failed

!!!             ebuild-daemon.bash, line 209:  Called __ebd_main_loop
!!!             ebuild-daemon.bash, line 209:  Called __ebd_main_loop
!!!         isolated-functions.lib, line 221:  Called source '/home/mgorny/repos/dberkholz/dev-util/oprofile/oprofile-0.9.3-r1.ebuild'

!!! ERROR: sci-libs/mmtk-2.5.23 failed.
!!! die invoked from directory /usr/lib64/pkgcore
!!! Call stack:
!!!       oprofile-0.9.3-r1.ebuild, line   5:  Called inherit 'eutils' 'qt3' 'linux-info'
!!!             ebuild-daemon.bash, line 437:  Called __ebd_process_metadata '159' 'depend'
!!!                     ebuild.lib, line 241:  Called __qa_invoke 'source' '/home/mgorny/repos/dberkholz/sci-libs/bigdft/bigdft-1.2.0.ebuild'
!!!             ebuild-daemon.bash, line 437:  Called __ebd_process_metadata '180' 'depend'
!!!             ebuild-daemon.bash, line 451:  Called __ebd_exec_main 'daemonize'
!!!                     ebuild.lib, line 426:  Called __load_ebuild '/home/mgorny/repos/dberkholz/app-misc/labyrinth/labyrinth-0.4.1.ebuild'
!!!             ebuild-daemon.bash, line 370:  Called __execute_phases 'depend'
!!!   ebuild-default-functions.lib, line 230:  Called __internal_inherit 'eutils'
!!!             ebuild-daemon.bash, line 370:  Called __execute_phases 'depend'
!!!             ebuild-daemon.bash, line 370:  Called __execute_phases 'depend'
!!!             ebuild-daemon.bash, line 451:  Called __ebd_exec_main 'daemonize'
!!!             ebuild-daemon.bash, line 209:  Called __ebd_main_loop
!!!                     ebuild.lib, line 241:  Called __qa_invoke 'source' '/home/mgorny/repos/dberkholz/app-misc/labyrinth/labyrinth-0.4.1.ebuild'
!!!                     ebuild.lib, line 426:  Called __load_ebuild '/home/mgorny/repos/dberkholz/net-wireless/kismet/kismet-2007.10.1.ebuild'
!!!             ebuild-daemon.bash, line 437:  Called __ebd_process_metadata '227' 'depend'
!!!                     ebuild.lib, line 426:  Called __load_ebuild '/home/mgorny/repos/dberkholz/app-misc/labyrinth/labyrinth-9999.ebuild'
!!!              ebuild-daemon.lib, line  37:  Called die
!!! The die message:
!!!  unknown inherit command from pythonic side, 'gen_metadata 154' for eclass eutils

!!!         isolated-functions.lib, line 221:  Called source '/home/mgorny/repos/dberkholz/sci-libs/bigdft/bigdft-1.2.0.ebuild'
received unknown com: export CATEGORY='sci-libs' PR=r0 PVR='2.0' PV='2.0' EBUILD='/home/mgorny/repos/dberkholz/sci-libs/pymc/pymc-2.0.ebuild' P='pymc-2.0' PF='pymc-2.0' PN=pymcpath
!!!             ebuild-daemon.bash, line 209:  Called __ebd_main_loop
Exception in thread Thread-4:
Traceback (most recent call last):
  File "/usr/lib64/python2.7/threading.py", line 810, in __bootstrap_inner
    self.run()
  File "/usr/lib64/python2.7/threading.py", line 763, in run
    self.__target(*self.__args, **self.__kwargs)
  File "/usr/lib64/python2.7/site-packages/pkgcore/operations/regen.py", line 15, in regen_iter
    regen_func(x)
  File "/usr/lib64/python2.7/site-packages/pkgcore/ebuild/repository.py", line 497, in __call__
    return pkg._fetch_metadata(ebp=self.ebp, force_regen=self.force)
  File "/usr/lib64/python2.7/site-packages/pkgcore/ebuild/ebuild_src.py", line 274, in _fetch_metadata
    return self._parent._get_metadata(self, ebp=ebp, force_regen=force_regen)
  File "/usr/lib64/python2.7/site-packages/pkgcore/ebuild/ebuild_src.py", line 365, in _get_metadata
    return self._update_metadata(pkg, ebp=ebp)
  File "/usr/lib64/python2.7/site-packages/pkgcore/ebuild/ebuild_src.py", line 373, in _update_metadata
    mydata = my_proc.get_keys(pkg, self._ecache)
  File "/usr/lib64/python2.7/site-packages/pkgcore/ebuild/processor.py", line 781, in get_keys
    {"key": receive_key})
  File "/usr/lib64/python2.7/site-packages/pkgcore/ebuild/processor.py", line 714, in _run_depend_like_phase
    self.write("%s %i\n%s" % (command, len(data), data), append_newline=False)
  File "/usr/lib64/python2.7/site-packages/pkgcore/ebuild/processor.py", line 430, in write
    raise RuntimeError(ie)
RuntimeError: [Errno 32] Broken pipe

!!!         isolated-functions.lib, line 221:  Called source '/home/mgorny/repos/dberkholz/app-misc/labyrinth/labyrinth-0.4.1.ebuild'
!!!         labyrinth-0.4.1.ebuild, line   5:  Called inherit 'gnome2'
!!!             ebuild-daemon.bash, line 437:  Called __ebd_process_metadata '169' 'depend'
!!!             ebuild-daemon.bash, line 437:  Called __ebd_process_metadata '159' 'depend'
!!!                     ebuild.lib, line 426:  Called __load_ebuild '/home/mgorny/repos/dberkholz/sci-libs/etsf_io/etsf_io-1.0.2.ebuild'
!!!                     ebuild.lib, line 426:  Called __load_ebuild '/home/mgorny/repos/dberkholz/sci-libs/libxc/libxc-0.9.ebuild'
!!!   ebuild-default-functions.lib, line 230:  Called __internal_inherit 'gnome2'
!!!             ebuild-daemon.bash, line 370:  Called __execute_phases 'depend'
!!!                     ebuild.lib, line 241:  Called __qa_invoke 'source' '/home/mgorny/repos/dberkholz/app-misc/labyrinth/labyrinth-9999.ebuild'
!!!                     ebuild.lib, line 241:  Called __qa_invoke 'source' '/home/mgorny/repos/dberkholz/sci-libs/etsf_io/etsf_io-1.0.2.ebuild'
!!!            bigdft-1.2.0.ebuild, line   6:  Called inherit 'eutils' 'fortran' 'multilib'
!!!                     ebuild.lib, line 426:  Called __load_ebuild '/home/mgorny/repos/dberkholz/sci-libs/fox/fox-4.0.3.ebuild'
!!!         isolated-functions.lib, line 221:  Called source '/home/mgorny/repos/dberkholz/app-misc/labyrinth/labyrinth-9999.ebuild'
!!!              ebuild-daemon.lib, line  30:  Called __qa_invoke 'source' '/home/mgorny/repos/gentoo/eclass/gnome2.eclass'
!!!                     ebuild.lib, line 241:  Called __qa_invoke 'source' '/home/mgorny/repos/dberkholz/net-wireless/kismet/kismet-2007.10.1.ebuild'
!!!             ebuild-daemon.bash, line 370:  Called __execute_phases 'depend'
!!!                     ebuild.lib, line 241:  Called __qa_invoke 'source' '/home/mgorny/repos/dberkholz/sci-libs/fox/fox-4.0.3.ebuild'
!!!         isolated-functions.lib, line 221:  Called source '/home/mgorny/repos/dberkholz/net-wireless/kismet/kismet-2007.10.1.ebuild'
!!!         isolated-functions.lib, line 221:  Called source '/home/mgorny/repos/dberkholz/sci-libs/etsf_io/etsf_io-1.0.2.ebuild'
!!!        kismet-2007.10.1.ebuild, line   5:  Called inherit 'toolchain-funcs' 'linux-info' 'eutils'
 * 
 * "/home/mgorny/repos/dberkholz/sci-libs/pgd-utils/pgd-utils-0.4.2.ebuild":
 * Deprecation Warning: Usage of distutils.eclass in packages not supporting installation
 * for multiple Python ABIs in EAPI <=2 is deprecated.
 * The ebuild should to be fixed. Please report a bug, if it has not been already reported.
 * 
!!!           etsf_io-1.0.2.ebuild, line   6:  Called inherit 'autotools' 'eutils' 'fortran' 'flag-o-matic' 'multilib'
!!!         isolated-functions.lib, line 221:  Called source '/home/mgorny/repos/dberkholz/sci-libs/fox/fox-4.0.3.ebuild'
!!!   ebuild-default-functions.lib, line 230:  Called __internal_inherit 'eutils'
!!!          labyrinth-9999.ebuild, line   8:  Called inherit 'gnome2' 'autotools' 'subversion'
!!!              ebuild-daemon.lib, line  37:  Called die
!!! The die message:
!!!  unknown inherit command from pythonic side, 'gen_metadata 179' for eclass eutils

!!!                     ebuild.lib, line 241:  Called __qa_invoke 'source' '/home/mgorny/repos/dberkholz/sci-libs/libxc/libxc-0.9.ebuild'
received unknown com: export CATEGORY='sci-libs' PR=r0 PVR='1.1' PV='1.1' EBUILD='/home/mgorny/repos/dberkholz/sci-libs/wannier90/wannier90-1.1.ebuild' P='wannier90-1.1' PF='wannier90-1.1' PN=wannier90path
!!!               fox-4.0.3.ebuild, line   6:  Called inherit 'eutils' 'fortran'
Exception in thread Thread-5:
Traceback (most recent call last):
  File "/usr/lib64/python2.7/threading.py", line 810, in __bootstrap_inner
    self.run()
  File "/usr/lib64/python2.7/threading.py", line 763, in run
    self.__target(*self.__args, **self.__kwargs)
  File "/usr/lib64/python2.7/site-packages/pkgcore/operations/regen.py", line 15, in regen_iter
    regen_func(x)
  File "/usr/lib64/python2.7/site-packages/pkgcore/ebuild/repository.py", line 497, in __call__
    return pkg._fetch_metadata(ebp=self.ebp, force_regen=self.force)
  File "/usr/lib64/python2.7/site-packages/pkgcore/ebuild/ebuild_src.py", line 274, in _fetch_metadata
    return self._parent._get_metadata(self, ebp=ebp, force_regen=force_regen)
  File "/usr/lib64/python2.7/site-packages/pkgcore/ebuild/ebuild_src.py", line 365, in _get_metadata
    return self._update_metadata(pkg, ebp=ebp)
  File "/usr/lib64/python2.7/site-packages/pkgcore/ebuild/ebuild_src.py", line 373, in _update_metadata
    mydata = my_proc.get_keys(pkg, self._ecache)
  File "/usr/lib64/python2.7/site-packages/pkgcore/ebuild/processor.py", line 781, in get_keys
    {"key": receive_key})
  File "/usr/lib64/python2.7/site-packages/pkgcore/ebuild/processor.py", line 714, in _run_depend_like_phase
    self.write("%s %i\n%s" % (command, len(data), data), append_newline=False)
  File "/usr/lib64/python2.7/site-packages/pkgcore/ebuild/processor.py", line 430, in write
    raise RuntimeError(ie)
RuntimeError: [Errno 32] Broken pipe

!!!   ebuild-default-functions.lib, line 230:  Called __internal_inherit 'fortran'
!!!         isolated-functions.lib, line 221:  Called source '/home/mgorny/repos/gentoo/eclass/gnome2.eclass'
!!!              ebuild-daemon.lib, line  35:  Called die
!!! The die message:
!!!  inherit for fortran failed

!!!   ebuild-default-functions.lib, line 230:  Called __internal_inherit 'eutils'
!!!                  gnome2.eclass, line  19:  Called die
!!! The die message:
!!!  EAPI= is not supported


!!! ERROR: sci-libs/vcg-9999 failed.
!!!              ebuild-daemon.lib, line  37:  Called die
!!! The die message:
!!!  unknown inherit command from pythonic side, 'gen_metadata 174' for eclass eutils

!!!   ebuild-default-functions.lib, line 230:  Called __internal_inherit 'toolchain-funcs'
received unknown com: export CATEGORY='sci-chemistry' PR=r0 PVR='0.91' PV='0.91' EBUILD='/home/mgorny/repos/dberkholz/sci-chemistry/cclib/cclib-0.91.ebuild' P='cclib-0.91' PF='cclib-0.91' PN=cclibpath
!!!              ebuild-daemon.lib, line  37:  Called die
!!! The die message:
!!!  unknown inherit command from pythonic side, 'gen_metadata 194' for eclass toolchain-funcs

received unknown com: export CATEGORY='dev-java' PR=r0 PVR='2.0_beta2' PV='2.0_beta2' EBUILD='/home/mgorny/repos/dberkholz/dev-java/diffmk/diffmk-2.0_beta2.ebuild' P='diffmk-2.0_beta2' PF='diffmk-2.0_beta2' PN=diffmkpath
Exception in thread Thread-16:
Traceback (most recent call last):
  File "/usr/lib64/python2.7/threading.py", line 810, in __bootstrap_inner
    self.run()
  File "/usr/lib64/python2.7/threading.py", line 763, in run
    self.__target(*self.__args, **self.__kwargs)
  File "/usr/lib64/python2.7/site-packages/pkgcore/operations/regen.py", line 15, in regen_iter
    regen_func(x)
  File "/usr/lib64/python2.7/site-packages/pkgcore/ebuild/repository.py", line 497, in __call__
    return pkg._fetch_metadata(ebp=self.ebp, force_regen=self.force)
  File "/usr/lib64/python2.7/site-packages/pkgcore/ebuild/ebuild_src.py", line 274, in _fetch_metadata
    return self._parent._get_metadata(self, ebp=ebp, force_regen=force_regen)
  File "/usr/lib64/python2.7/site-packages/pkgcore/ebuild/ebuild_src.py", line 365, in _get_metadata
    return self._update_metadata(pkg, ebp=ebp)
  File "/usr/lib64/python2.7/site-packages/pkgcore/ebuild/ebuild_src.py", line 373, in _update_metadata
    mydata = my_proc.get_keys(pkg, self._ecache)
  File "/usr/lib64/python2.7/site-packages/pkgcore/ebuild/processor.py", line 781, in get_keys
    {"key": receive_key})
  File "/usr/lib64/python2.7/site-packages/pkgcore/ebuild/processor.py", line 714, in _run_depend_like_phase
    self.write("%s %i\n%s" % (command, len(data), data), append_newline=False)
  File "/usr/lib64/python2.7/site-packages/pkgcore/ebuild/processor.py", line 430, in write
    raise RuntimeError(ie)
RuntimeError: [Errno 32] Broken pipe

Exception in thread Thread-1:
Traceback (most recent call last):
  File "/usr/lib64/python2.7/threading.py", line 810, in __bootstrap_inner
    self.run()
  File "/usr/lib64/python2.7/threading.py", line 763, in run
    self.__target(*self.__args, **self.__kwargs)
  File "/usr/lib64/python2.7/site-packages/pkgcore/operations/regen.py", line 15, in regen_iter
    regen_func(x)
  File "/usr/lib64/python2.7/site-packages/pkgcore/ebuild/repository.py", line 497, in __call__
    return pkg._fetch_metadata(ebp=self.ebp, force_regen=self.force)
  File "/usr/lib64/python2.7/site-packages/pkgcore/ebuild/ebuild_src.py", line 274, in _fetch_metadata
    return self._parent._get_metadata(self, ebp=ebp, force_regen=force_regen)
  File "/usr/lib64/python2.7/site-packages/pkgcore/ebuild/ebuild_src.py", line 365, in _get_metadata
    return self._update_metadata(pkg, ebp=ebp)
  File "/usr/lib64/python2.7/site-packages/pkgcore/ebuild/ebuild_src.py", line 373, in _update_metadata
    mydata = my_proc.get_keys(pkg, self._ecache)
  File "/usr/lib64/python2.7/site-packages/pkgcore/ebuild/processor.py", line 781, in get_keys
    {"key": receive_key})
  File "/usr/lib64/python2.7/site-packages/pkgcore/ebuild/processor.py", line 714, in _run_depend_like_phase
    self.write("%s %i\n%s" % (command, len(data), data), append_newline=False)
  File "/usr/lib64/python2.7/site-packages/pkgcore/ebuild/processor.py", line 430, in write
    raise RuntimeError(ie)
RuntimeError: [Errno 32] Broken pipe

!!!   ebuild-default-functions.lib, line 230:  Called __internal_inherit 'gnome2'
!!!                     ebuild.lib, line 426:  Called __load_ebuild '/home/mgorny/repos/dberkholz/x11-drivers/nvidia-drivers/nvidia-drivers-280.11.ebuild'
!!! die invoked from directory /usr/lib64/pkgcore
!!! Call stack:
!!!             ebuild-daemon.bash, line 370:  Called __execute_phases 'depend'
!!!              ebuild-daemon.lib, line  30:  Called __qa_invoke 'source' '/home/mgorny/repos/gentoo/eclass/gnome2.eclass'
!!!         isolated-functions.lib, line 221:  Called source '/home/mgorny/repos/gentoo/eclass/gnome2.eclass'
!!!                  gnome2.eclass, line  19:  Called die
!!! The die message:
!!!  EAPI= is not supported

!!!         isolated-functions.lib, line 221:  Called source '/home/mgorny/repos/dberkholz/sci-libs/libxc/libxc-0.9.ebuild'
!!!                     ebuild.lib, line 426:  Called __load_ebuild '/home/mgorny/repos/dberkholz/sci-libs/mmtk/mmtk-2.5.23.ebuild'
!!!             ebuild-daemon.bash, line 451:  Called __ebd_exec_main 'daemonize'
!!!               libxc-0.9.ebuild, line   6:  Called inherit 'fortran' 'multilib'
!!!                     ebuild.lib, line 241:  Called __qa_invoke 'source' '/home/mgorny/repos/dberkholz/sci-libs/mmtk/mmtk-2.5.23.ebuild'
!!!             ebuild-daemon.bash, line 209:  Called __ebd_main_loop
!!!   ebuild-default-functions.lib, line 230:  Called __internal_inherit 'fortran'
!!!              ebuild-daemon.lib, line  35:  Called die
!!! The die message:
!!!  inherit for fortran failed

!!!         isolated-functions.lib, line 221:  Called source '/home/mgorny/repos/dberkholz/sci-libs/mmtk/mmtk-2.5.23.ebuild'
!!!                     ebuild.lib, line 241:  Called __qa_invoke 'source' '/home/mgorny/repos/dberkholz/x11-drivers/nvidia-drivers/nvidia-drivers-280.11.ebuild'
!!!             ebuild-daemon.bash, line 437:  Called __ebd_process_metadata '150' 'depend'
!!!         isolated-functions.lib, line 221:  Called source '/home/mgorny/repos/dberkholz/x11-drivers/nvidia-drivers/nvidia-drivers-280.11.ebuild'
!!!             mmtk-2.5.23.ebuild, line   8:  Called inherit 'distutils'
!!!             ebuild-daemon.bash, line 370:  Called __execute_phases 'depend'

!!! ERROR: dev-java/fop-0.92_beta failed.
!!!                     ebuild.lib, line 426:  Called __load_ebuild '/home/mgorny/repos/dberkholz/sci-libs/vcg/vcg-9999.ebuild'
!!!   ebuild-default-functions.lib, line 230:  Called __internal_inherit 'distutils'
!!! die invoked from directory /usr/lib64/pkgcore
!!! Call stack:
!!!              ebuild-daemon.lib, line  37:  Called die
!!! The die message:
!!!  unknown inherit command from pythonic side, 'gen_metadata 209' for eclass distutils

received unknown com: export CATEGORY='sci-chemistry' PR=r0 PVR='4.0_pre2' PV='4.0_pre2' EBUILD='/home/mgorny/repos/dberkholz/sci-chemistry/espresso/espresso-4.0_pre2.ebuild' P='espresso-4.0_pre2' PF='espresso-4.0_pre2' PN=espressopath
Exception in thread Thread-8:
Traceback (most recent call last):
  File "/usr/lib64/python2.7/threading.py", line 810, in __bootstrap_inner
    self.run()
  File "/usr/lib64/python2.7/threading.py", line 763, in run
    self.__target(*self.__args, **self.__kwargs)
  File "/usr/lib64/python2.7/site-packages/pkgcore/operations/regen.py", line 15, in regen_iter
    regen_func(x)
  File "/usr/lib64/python2.7/site-packages/pkgcore/ebuild/repository.py", line 497, in __call__
    return pkg._fetch_metadata(ebp=self.ebp, force_regen=self.force)
  File "/usr/lib64/python2.7/site-packages/pkgcore/ebuild/ebuild_src.py", line 274, in _fetch_metadata
    return self._parent._get_metadata(self, ebp=ebp, force_regen=force_regen)
  File "/usr/lib64/python2.7/site-packages/pkgcore/ebuild/ebuild_src.py", line 365, in _get_metadata
    return self._update_metadata(pkg, ebp=ebp)
  File "/usr/lib64/python2.7/site-packages/pkgcore/ebuild/ebuild_src.py", line 373, in _update_metadata
    mydata = my_proc.get_keys(pkg, self._ecache)
  File "/usr/lib64/python2.7/site-packages/pkgcore/ebuild/processor.py", line 781, in get_keys
    {"key": receive_key})
  File "/usr/lib64/python2.7/site-packages/pkgcore/ebuild/processor.py", line 714, in _run_depend_like_phase
    self.write("%s %i\n%s" % (command, len(data), data), append_newline=False)
  File "/usr/lib64/python2.7/site-packages/pkgcore/ebuild/processor.py", line 430, in write
    raise RuntimeError(ie)
RuntimeError: [Errno 32] Broken pipe

!!!   nvidia-drivers-280.11.ebuild, line   7:  Called inherit 'eutils' 'multilib' 'versionator' 'linux-mod' 'flag-o-matic' 'nvidia-driver'
!!!                     ebuild.lib, line 241:  Called __qa_invoke 'source' '/home/mgorny/repos/dberkholz/sci-libs/vcg/vcg-9999.ebuild'
!!!   ebuild-default-functions.lib, line 230:  Called __internal_inherit 'nvidia-driver'
!!!              ebuild-daemon.lib, line  30:  Called __qa_invoke 'source' '/home/mgorny/repos/gentoo/eclass/nvidia-driver.eclass'
!!!             ebuild-daemon.bash, line 451:  Called __ebd_exec_main 'daemonize'
!!!         isolated-functions.lib, line 221:  Called source '/home/mgorny/repos/gentoo/eclass/nvidia-driver.eclass'
!!!           nvidia-driver.eclass, line  16:  Called inherit 'readme.gentoo' 'versionator'
!!!         isolated-functions.lib, line 221:  Called source '/home/mgorny/repos/dberkholz/sci-libs/vcg/vcg-9999.ebuild'

!!! ERROR: www-apps/trac-git-9999 failed.
!!! die invoked from directory /usr/lib64/pkgcore
!!! Call stack:
!!!             ebuild-daemon.bash, line 209:  Called __ebd_main_loop
!!!                vcg-9999.ebuild, line   8:  Called inherit 'cvs'
!!!   ebuild-default-functions.lib, line 230:  Called __internal_inherit 'readme.gentoo'
!!!   ebuild-default-functions.lib, line 230:  Called __internal_inherit 'cvs'
!!!             ebuild-daemon.bash, line 451:  Called __ebd_exec_main 'daemonize'
!!!              ebuild-daemon.lib, line  37:  Called die
!!! The die message:
!!!  unknown inherit command from pythonic side, 'gen_metadata 164' for eclass cvs

received unknown com: export CATEGORY='sci-chemistry' PR=r0 PVR='2.8' PV='2.8' EBUILD='/home/mgorny/repos/dberkholz/sci-chemistry/namd/namd-2.8.ebuild' P='namd-2.8' PF='namd-2.8' PN=namdpath
!!!             ebuild-daemon.bash, line 437:  Called __ebd_process_metadata '179' 'depend'
Exception in thread Thread-11:
Traceback (most recent call last):
  File "/usr/lib64/python2.7/threading.py", line 810, in __bootstrap_inner
    self.run()
  File "/usr/lib64/python2.7/threading.py", line 763, in run
    self.__target(*self.__args, **self.__kwargs)
  File "/usr/lib64/python2.7/site-packages/pkgcore/operations/regen.py", line 15, in regen_iter
    regen_func(x)
  File "/usr/lib64/python2.7/site-packages/pkgcore/ebuild/repository.py", line 497, in __call__
    return pkg._fetch_metadata(ebp=self.ebp, force_regen=self.force)
  File "/usr/lib64/python2.7/site-packages/pkgcore/ebuild/ebuild_src.py", line 274, in _fetch_metadata
    return self._parent._get_metadata(self, ebp=ebp, force_regen=force_regen)
  File "/usr/lib64/python2.7/site-packages/pkgcore/ebuild/ebuild_src.py", line 365, in _get_metadata
    return self._update_metadata(pkg, ebp=ebp)
  File "/usr/lib64/python2.7/site-packages/pkgcore/ebuild/ebuild_src.py", line 373, in _update_metadata
    mydata = my_proc.get_keys(pkg, self._ecache)
  File "/usr/lib64/python2.7/site-packages/pkgcore/ebuild/processor.py", line 781, in get_keys
    {"key": receive_key})
  File "/usr/lib64/python2.7/site-packages/pkgcore/ebuild/processor.py", line 714, in _run_depend_like_phase
    self.write("%s %i\n%s" % (command, len(data), data), append_newline=False)
  File "/usr/lib64/python2.7/site-packages/pkgcore/ebuild/processor.py", line 430, in write
    raise RuntimeError(ie)
RuntimeError: [Errno 32] Broken pipe

 * 
 * "/home/mgorny/repos/dberkholz/sci-chemistry/shakerr/shakerr-0.2.17.ebuild":
 * Deprecation Warning: Usage of distutils.eclass in packages not supporting installation
 * for multiple Python ABIs in EAPI <=2 is deprecated.
 * The ebuild should to be fixed. Please report a bug, if it has not been already reported.
 * 
 * Use PYTHON_DEPEND variable instead of NEED_PYTHON variable.

!!! ERROR: dev-python/multitask-0.2.0 failed.
!!!             ebuild-daemon.bash, line 209:  Called __ebd_main_loop
!!! die invoked from directory /usr/lib64/pkgcore
!!! Call stack:
!!!             ebuild-daemon.bash, line 370:  Called __execute_phases 'depend'
!!!                     ebuild.lib, line 426:  Called __load_ebuild '/home/mgorny/repos/dberkholz/dev-java/fop/fop-0.92_beta.ebuild'
!!!              ebuild-daemon.lib, line  30:  Called __qa_invoke 'source' '/home/mgorny/repos/gentoo/eclass/readme.gentoo.eclass'
!!!                     ebuild.lib, line 241:  Called __qa_invoke 'source' '/home/mgorny/repos/dberkholz/dev-java/fop/fop-0.92_beta.ebuild'

!!! ERROR: sci-chemistry/zodiac-0.5 failed.
!!!             ebuild-daemon.bash, line 437:  Called __ebd_process_metadata '177' 'depend'
 * 
 * "/home/mgorny/repos/dberkholz/sci-chemistry/gridzilla/gridzilla-0.5_beta.ebuild":
 * Deprecation Warning: Usage of distutils.eclass in packages not supporting installation
 * for multiple Python ABIs in EAPI <=2 is deprecated.
!!!         isolated-functions.lib, line 221:  Called source '/home/mgorny/repos/dberkholz/dev-java/fop/fop-0.92_beta.ebuild'
 * The ebuild should to be fixed. Please report a bug, if it has not been already reported.
 * 
!!! die invoked from directory /usr/lib64/pkgcore
!!! Call stack:
!!!         isolated-functions.lib, line 221:  Called source '/home/mgorny/repos/gentoo/eclass/readme.gentoo.eclass'
!!!             ebuild-daemon.bash, line 451:  Called __ebd_exec_main 'daemonize'
!!!             ebuild-daemon.bash, line 451:  Called __ebd_exec_main 'daemonize'
!!!           readme.gentoo.eclass, line  25:  Called die
!!! The die message:
!!!  Unsupported EAPI=2 (too old) for readme.gentoo

!!!             ebuild-daemon.bash, line 370:  Called __execute_phases 'depend'
!!!             ebuild-daemon.bash, line 209:  Called __ebd_main_loop
!!!                     ebuild.lib, line 426:  Called __load_ebuild '/home/mgorny/repos/dberkholz/www-apps/trac-git/trac-git-9999.ebuild'
!!!             ebuild-daemon.bash, line 437:  Called __ebd_process_metadata '193' 'depend'
!!!             ebuild-daemon.bash, line 370:  Called __execute_phases 'depend'
!!!                     ebuild.lib, line 241:  Called __qa_invoke 'source' '/home/mgorny/repos/dberkholz/www-apps/trac-git/trac-git-9999.ebuild'
!!!                     ebuild.lib, line 426:  Called __load_ebuild '/home/mgorny/repos/dberkholz/dev-python/multitask/multitask-0.2.0.ebuild'
!!!             ebuild-daemon.bash, line 209:  Called __ebd_main_loop
!!!           fop-0.92_beta.ebuild, line   5:  Called inherit 'eutils' 'java-pkg-2' 'java-ant-2'
!!!         isolated-functions.lib, line 221:  Called source '/home/mgorny/repos/dberkholz/www-apps/trac-git/trac-git-9999.ebuild'
!!!             ebuild-daemon.bash, line 437:  Called __ebd_process_metadata '174' 'depend'
!!!           trac-git-9999.ebuild, line   5:  Called inherit 'git' 'distutils'
!!!   ebuild-default-functions.lib, line 230:  Called __internal_inherit 'git'
!!!              ebuild-daemon.lib, line  35:  Called die
!!! The die message:
!!!  inherit for git failed

 * 
 * "/home/mgorny/repos/dberkholz/sci-chemistry/vasco/vasco-1.0.2.ebuild":
 * Deprecation Warning: Usage of distutils.eclass in packages not supporting installation
 * for multiple Python ABIs in EAPI <=2 is deprecated.
 * The ebuild should to be fixed. Please report a bug, if it has not been already reported.
 * 
!!!                     ebuild.lib, line 241:  Called __qa_invoke 'source' '/home/mgorny/repos/dberkholz/dev-python/multitask/multitask-0.2.0.ebuild'
 * 
 * "/home/mgorny/repos/dberkholz/dev-python/spasmoidal/spasmoidal-0.1.1.ebuild":
 * Deprecation Warning: Usage of distutils.eclass in packages not supporting installation
 * for multiple Python ABIs in EAPI <=2 is deprecated.
 * The ebuild should to be fixed. Please report a bug, if it has not been already reported.
 * 
!!!         isolated-functions.lib, line 221:  Called source '/home/mgorny/repos/dberkholz/dev-python/multitask/multitask-0.2.0.ebuild'
!!!   ebuild-default-functions.lib, line 230:  Called __internal_inherit 'java-pkg-2'
!!!              ebuild-daemon.lib, line  37:  Called die
!!! The die message:
!!!  unknown inherit command from pythonic side, 'gen_metadata 189' for eclass java-pkg-2

received unknown com: export CATEGORY='sci-chemistry' PR=r0 PVR='1.4.3' PV='1.4.3' EBUILD='/home/mgorny/repos/dberkholz/sci-chemistry/theseus/theseus-1.4.3.ebuild' P='theseus-1.4.3' PF='theseus-1.4.3' PN=theseuspath

!!! ERROR: sys-apps/shadow-4.0.18.1-r1 failed.
!!!             ebuild-daemon.bash, line 370:  Called __execute_phases 'depend'
!!! die invoked from directory /usr/lib64/pkgcore
!!!                     ebuild.lib, line 426:  Called __load_ebuild '/home/mgorny/repos/dberkholz/sci-chemistry/zodiac/zodiac-0.5.ebuild'
!!! Call stack:
!!!                     ebuild.lib, line 241:  Called __qa_invoke 'source' '/home/mgorny/repos/dberkholz/sci-chemistry/zodiac/zodiac-0.5.ebuild'
!!!         isolated-functions.lib, line 221:  Called source '/home/mgorny/repos/dberkholz/sci-chemistry/zodiac/zodiac-0.5.ebuild'
!!!             ebuild-daemon.bash, line 451:  Called __ebd_exec_main 'daemonize'
!!!              zodiac-0.5.ebuild, line   5:  Called inherit 'versionator' 'qt4'
!!!         multitask-0.2.0.ebuild, line   8:  Called inherit 'distutils'
!!!             ebuild-daemon.bash, line 209:  Called __ebd_main_loop
!!! !!! !!! caught exception inherit requires an unknown eclass, fortran cannot be found while processing ebuild src: sci-biology/TMalign-9999
caught exception inherit requires an unknown eclass, git cannot be found while processing ebuild src: app-pda/ipheth-pair-9999
!!! caught exception inherit requires an unknown eclass, git cannot be found while processing ebuild src: net-wireless/iw-9999
!!! caught exception inherit requires an unknown eclass, vmware-mod cannot be found while processing ebuild src: app-emulation/vmware-modules-1.0.0.15-r3
!!! caught exception inherit requires an unknown eclass, fortran cannot be found while processing ebuild src: sci-biology/mmult-1.0
ERROR pkgcore: returned val from gen_metadata was 'False'
!!! caught exception False while processing ebuild src: dev-util/oprofile-0.9.3-r1
!!! caught exception inherit requires an unknown eclass, fortran cannot be found while processing ebuild src: sci-libs/etsf_io-1.0.2
ERROR pkgcore: returned val from gen_metadata was 'False'
!!! caught exception False while processing ebuild src: sci-libs/bigdft-1.2.0
ERROR pkgcore: returned val from gen_metadata was 'False'
!!! caught exception False while processing ebuild src: net-wireless/kismet-2007.10.1
!!! caught exception inherit requires an unknown eclass, fortran cannot be found while processing ebuild src: sci-libs/libxc-0.9
ERROR pkgcore: returned val from gen_metadata was 'False'
!!! caught exception False while processing ebuild src: sci-libs/fox-4.0.3
ERROR pkgcore: returned val from gen_metadata was 'False'
!!! caught exception False while processing ebuild src: sci-libs/mmtk-2.5.23
ERROR pkgcore: returned val from gen_metadata was 'False'
!!! caught exception False while processing ebuild src: sci-libs/pymc-2.0
ERROR pkgcore: returned val from gen_metadata was 'False'
!!! caught exception False while processing ebuild src: sci-libs/wannier90-1.1
ERROR pkgcore: returned val from gen_metadata was 'False'
!!! caught exception False while processing ebuild src: sci-libs/vcg-9999
ERROR pkgcore: returned val from gen_metadata was 'False'
!!! caught exception False while processing ebuild src: app-misc/labyrinth-0.4.1
ERROR pkgcore: returned val from gen_metadata was 'False'
!!! caught exception False while processing ebuild src: sci-chemistry/cclib-0.91
!!! caught exception ("Expected command; instead got nothing from ''", None) while processing ebuild src: sci-chemistry/prekin-6.42.060120
ERROR pkgcore: returned val from gen_metadata was 'False'
!!! caught exception False while processing ebuild src: dev-java/diffmk-2.0_beta2
ERROR pkgcore: returned val from gen_metadata was 'False'
!!! caught exception False while processing ebuild src: app-misc/labyrinth-9999
ERROR pkgcore: returned val from gen_metadata was 'False'
!!! caught exception False while processing ebuild src: dev-java/fop-0.92_beta
ERROR pkgcore: returned val from gen_metadata was 'False'
!!! caught exception False while processing ebuild src: sci-chemistry/espresso-4.0_pre2
!!! caught exception inherit requires an unknown eclass, git cannot be found while processing ebuild src: www-apps/trac-git-9999
ERROR pkgcore: returned val from gen_metadata was 'False'
!!! caught exception False while processing ebuild src: sci-chemistry/namd-2.8
!!! caught exception ("Expected command; instead got nothing from ''", None) while processing ebuild src: dev-python/greenlet-0.2
!!! caught exception inherit requires an unknown eclass, qt4 cannot be found while processing ebuild src: sci-chemistry/zodiac-0.5
ERROR pkgcore: returned val from gen_metadata was 'False'
!!! caught exception False while processing ebuild src: x11-drivers/nvidia-drivers-280.11
ERROR pkgcore: returned val from gen_metadata was 'False'
!!! caught exception False while processing ebuild src: sys-apps/shadow-4.0.18.1-r1
ERROR pkgcore: returned val from gen_metadata was 'False'
!!! caught exception False while processing ebuild src: sci-chemistry/theseus-1.4.3
!!! caught exception inherit requires an unknown eclass, git cannot be found while processing ebuild src: sys-power/powertop
!!! ERROR: sys-power/powertop-9999 failed.
!!!             ebuild-daemon.bash, line 437:  Called __ebd_process_metadata '198' 'depend'
!!! die invoked from directory /usr/lib64/pkgcore
!!! Call stack:
!!!   ebuild-default-functions.lib, line 230:  Called __internal_inherit 'qt4'
!!!             ebuild-daemon.bash, line 370:  Called __execute_phases 'depend'
!!!             ebuild-daemon.bash, line 451:  Called __ebd_exec_main 'daemonize'
!!!              ebuild-daemon.lib, line  35:  Called die
!!! The die message:
!!!  inherit for qt4 failed
!!!                     ebuild.lib, line 426:  Called __load_ebuild '/home/mgorny/repos/dberkholz/sys-apps/shadow/shadow-4.0.18.1-r1.ebuild'

!!!   ebuild-default-functions.lib, line 230:  Called __internal_inherit 'distutils'
!!!             ebuild-daemon.bash, line 209:  Called __ebd_main_loop
!!!                     ebuild.lib, line 241:  Called __qa_invoke 'source' '/home/mgorny/repos/dberkholz/sys-apps/shadow/shadow-4.0.18.1-r1.ebuild'
!!!              ebuild-daemon.lib, line  23:  Called __qa_invoke '__preloaded_eclass_distutils'
!!!             ebuild-daemon.bash, line 437:  Called __ebd_process_metadata '177' 'depend'
!!!         isolated-functions.lib, line 221:  Called source '/home/mgorny/repos/dberkholz/sys-apps/shadow/shadow-4.0.18.1-r1.ebuild'
!!!      shadow-4.0.18.1-r1.ebuild, line   5:  Called inherit 'eutils' 'libtool' 'toolchain-funcs' 'flag-o-matic' 'autotools' 'pam'
!!!         isolated-functions.lib, line 221:  Called __preloaded_eclass_distutils
!!!   ebuild-default-functions.lib, line 230:  Called __internal_inherit 'pam'
!!!              ebuild-daemon.lib, line  37:  Called die
!!! The die message:
!!!  unknown inherit command from pythonic side, 'gen_metadata 173' for eclass pam

received unknown com: export CATEGORY='dev-python' PR=r0 PVR='1.1' PV='1.1' EBUILD='/home/mgorny/repos/dberkholz/dev-python/statlib/statlib-1.1.ebuild' P='statlib-1.1' PF='statlib-1.1' PN=statlibpath
!!!             ebuild-daemon.bash, line 370:  Called __execute_phases 'depend'
!!!             ebuild-daemon.bash, line 394:  Called inherit 'python'
!!!                     ebuild.lib, line 426:  Called __load_ebuild '/home/mgorny/repos/dberkholz/sys-power/powertop/powertop-9999.ebuild'
!!!   ebuild-default-functions.lib, line 230:  Called __internal_inherit 'python'
!!!                     ebuild.lib, line 241:  Called __qa_invoke 'source' '/home/mgorny/repos/dberkholz/sys-power/powertop/powertop-9999.ebuild'
!!!         isolated-functions.lib, line 221:  Called source '/home/mgorny/repos/dberkholz/sys-power/powertop/powertop-9999.ebuild'
!!!              ebuild-daemon.lib, line  23:  Called __qa_invoke '__preloaded_eclass_python'
!!!           powertop-9999.ebuild, line   7:  Called inherit 'git' 'toolchain-funcs' 'eutils'
!!!   ebuild-default-functions.lib, line 230:  Called __internal_inherit 'git'
!!!         isolated-functions.lib, line 221:  Called __preloaded_eclass_python
!!!              ebuild-daemon.lib, line  35:  Called die
!!! The die message:
!!!  inherit for git failed

!!!             ebuild-daemon.bash, line 656:  Called die
!!! The die message:
!!!  NEED_PYTHON variable is banned

-9999
ERROR pkgcore: returned val from gen_metadata was 'False'
!!! caught exception False while processing ebuild src: dev-python/pymedia-1.3.7.3
ERROR pkgcore: returned val from gen_metadata was 'False'
!!! caught exception False while processing ebuild src: dev-python/statlib-1.1
ERROR pkgcore: returned val from gen_metadata was 'False'
!!! caught exception False while processing ebuild src: dev-python/multitask-0.2.0
Error running an operation:
 Unhandled exception in regen_cache
Sandboxed process killed by signal: Broken pipe
Sandboxed process killed by signal: Broken pipe

!!! ERROR: dev-python/pymedia-1.3.7.3 failed.
!!! die invoked from directory /usr/lib64/pkgcore
!!! Call stack:
!!!             ebuild-daemon.bash, line 451:  Called __ebd_exec_main 'daemonize'
!!!             ebuild-daemon.bash, line 209:  Called __ebd_main_loop
!!!             ebuild-daemon.bash, line 437:  Called __ebd_process_metadata '193' 'depend'
!!!             ebuild-daemon.bash, line 370:  Called __execute_phases 'depend'
!!!                     ebuild.lib, line 426:  Called __load_ebuild '/home/mgorny/repos/dberkholz/dev-python/pymedia/pymedia-1.3.7.3.ebuild'
!!!                     ebuild.lib, line 241:  Called __qa_invoke 'source' '/home/mgorny/repos/dberkholz/dev-python/pymedia/pymedia-1.3.7.3.ebuild'
!!!         isolated-functions.lib, line 221:  Called source '/home/mgorny/repos/dberkholz/dev-python/pymedia/pymedia-1.3.7.3.ebuild'
!!!         pymedia-1.3.7.3.ebuild, line   5:  Called inherit 'distutils' 'eutils'
!!!   ebuild-default-functions.lib, line 230:  Called __internal_inherit 'distutils'
!!!              ebuild-daemon.lib, line  37:  Called die
!!! The die message:
!!!  unknown inherit command from pythonic side, 'shutdown_daemon' for eclass distutils

Sandboxed process killed by signal: Broken pipe
 * Cache regen failed with 246
