{u'description': [u'Various ebuilds by Konsult Stuge'],
 u'feeds': [],
 u'homepage': u'http://stuge.se/',
 u'irc': None,
 u'name': u'stuge',
 u'official': False,
 u'owner_email': u'peter@stuge.se',
 u'owner_name': u'Peter Stuge',
 u'priority': 50,
 u'quality': u'experimental',
 u'sources': [(u'git://git.stuge.se/stuge-overlay.git', u'Git', u'')],
 u'status': u'unofficial',
 u'supported': True}
$ pmaint sync /home/mgorny/repos/stuge
WARNING:pkgcore:repository at '/home/mgorny/repos/steveeJ' has an unsupported profile format(s): 'profile-set'
WARNING:pkgcore:repository at '/home/mgorny/repos/steveeJ' has an unsupported profile format(s): 'profile-set'
Already up-to-date.
*** syncing '/home/mgorny/repos/stuge'...
*** synced '/home/mgorny/repos/stuge'
 * Sync succeeded
$ pmaint regen -t 2 stuge
WARNING:pkgcore:repository at '/home/mgorny/repos/steveeJ' has an unsupported profile format(s): 'profile-set'
WARNING:pkgcore:repository at '/home/mgorny/repos/steveeJ' has an unsupported profile format(s): 'profile-set'
 * Use PYTHON_DEPEND variable instead of NEED_PYTHON variable.

!!! ERROR: games-puzzle/gnome-sudoku-0.7.1 failed.
!!! die invoked from directory /usr/lib64/pkgcore
!!! Call stack:
!!!             ebuild-daemon.bash, line 451:  Called __ebd_exec_main 'daemonize'
!!!             ebuild-daemon.bash, line 209:  Called __ebd_main_loop
!!!             ebuild-daemon.bash, line 437:  Called __ebd_process_metadata '210' 'depend'
!!!             ebuild-daemon.bash, line 370:  Called __execute_phases 'depend'
!!!                     ebuild.lib, line 426:  Called __load_ebuild '/home/mgorny/repos/stuge/games-puzzle/gnome-sudoku/gnome-sudoku-0.7.1.ebuild'
!!!                     ebuild.lib, line 241:  Called __qa_invoke 'source' '/home/mgorny/repos/stuge/games-puzzle/gnome-sudoku/gnome-sudoku-0.7.1.ebuild'
!!!         isolated-functions.lib, line 221:  Called source '/home/mgorny/repos/stuge/games-puzzle/gnome-sudoku/gnome-sudoku-0.7.1.ebuild'

!!! ERROR: dev-perl/Device-Gsm-1.60 failed.
!!! die invoked from directory /usr/lib64/pkgcore
!!! Call stack:
!!!      gnome-sudoku-0.7.1.ebuild, line   6:  Called inherit 'python'

!!! ERROR: net-misc/openggsn-9999 failed.
!!! die invoked from directory /usr/lib64/pkgcore
!!! Call stack:
!!!   ebuild-default-functions.lib, line 230:  Called __internal_inherit 'python'
!!!             ebuild-daemon.bash, line 451:  Called __ebd_exec_main 'daemonize'
 * 
 * "/home/mgorny/repos/stuge/dev-python/xsv/xsv-3.1.ebuild":
 * Deprecation Warning: Usage of distutils.eclass in packages not supporting installation
 * for multiple Python ABIs in EAPI <=2 is deprecated.
 * The ebuild should to be fixed. Please report a bug, if it has not been already reported.
 * 
!!!             ebuild-daemon.bash, line 209:  Called __ebd_main_loop
!!!              ebuild-daemon.lib, line  30:  Called __qa_invoke 'source' '/home/mgorny/repos/gentoo/eclass/python.eclass'
!!!             ebuild-daemon.bash, line 451:  Called __ebd_exec_main 'daemonize'

!!! ERROR: net-misc/openbsc-9999 failed.
!!! die invoked from directory /usr/lib64/pkgcore
!!! Call stack:
!!!             ebuild-daemon.bash, line 437:  Called __ebd_process_metadata '171' 'depend'
!!!         isolated-functions.lib, line 221:  Called source '/home/mgorny/repos/gentoo/eclass/python.eclass'
!!!                  python.eclass, line 277:  Called die
!!! The die message:
!!!  NEED_PYTHON variable is banned

!!!             ebuild-daemon.bash, line 451:  Called __ebd_exec_main 'daemonize'
!!!             ebuild-daemon.bash, line 209:  Called __ebd_main_loop
!!!             ebuild-daemon.bash, line 370:  Called __execute_phases 'depend'
!!!             ebuild-daemon.bash, line 209:  Called __ebd_main_loop
!!!                     ebuild.lib, line 426:  Called __load_ebuild '/home/mgorny/repos/stuge/net-misc/openggsn/openggsn-9999.ebuild'
!!!             ebuild-daemon.bash, line 437:  Called __ebd_process_metadata '187' 'depend'

!!! ERROR: sci-misc/qcad-2.0.5.0 failed.
!!! die invoked from directory /usr/lib64/pkgcore
!!! Call stack:
!!!             ebuild-daemon.bash, line 437:  Called __ebd_process_metadata '166' 'depend'
!!!             ebuild-daemon.bash, line 370:  Called __execute_phases 'depend'
!!!                     ebuild.lib, line 241:  Called __qa_invoke 'source' '/home/mgorny/repos/stuge/net-misc/openggsn/openggsn-9999.ebuild'
!!!         isolated-functions.lib, line 221:  Called source '/home/mgorny/repos/stuge/net-misc/openggsn/openggsn-9999.ebuild'
!!!                     ebuild.lib, line 426:  Called __load_ebuild '/home/mgorny/repos/stuge/dev-perl/Device-Gsm/Device-Gsm-1.60.ebuild'
!!!           openggsn-9999.ebuild, line   4:  Called inherit 'git' 'autotools'
!!!             ebuild-daemon.bash, line 370:  Called __execute_phases 'depend'
!!!             ebuild-daemon.bash, line 451:  Called __ebd_exec_main 'daemonize'
!!!   ebuild-default-functions.lib, line 230:  Called __internal_inherit 'git'
!!!                     ebuild.lib, line 241:  Called __qa_invoke 'source' '/home/mgorny/repos/stuge/dev-perl/Device-Gsm/Device-Gsm-1.60.ebuild'
!!!              ebuild-daemon.lib, line  35:  Called die
!!! The die message:
!!!  inherit for git failed

 * 
 * "/home/mgorny/repos/stuge/www-apps/trac-authopenid/trac-authopenid-0.2.2.ebuild":
 * Deprecation Warning: Usage of distutils.eclass in packages not supporting installation
 * for multiple Python ABIs in EAPI <=2 is deprecated.
 * The ebuild should to be fixed. Please report a bug, if it has not been already reported.
 * 
!!!                     ebuild.lib, line 426:  Called __load_ebuild '/home/mgorny/repos/stuge/net-misc/openbsc/openbsc-9999.ebuild'
!!!         isolated-functions.lib, line 221:  Called source '/home/mgorny/repos/stuge/dev-perl/Device-Gsm/Device-Gsm-1.60.ebuild'
!!!             ebuild-daemon.bash, line 209:  Called __ebd_main_loop
!!!         Device-Gsm-1.60.ebuild, line   7:  Called inherit 'perl-module'
!!!   ebuild-default-functions.lib, line 230:  Called __internal_inherit 'perl-module'
!!!                     ebuild.lib, line 241:  Called __qa_invoke 'source' '/home/mgorny/repos/stuge/net-misc/openbsc/openbsc-9999.ebuild'
!!!         isolated-functions.lib, line 221:  Called source '/home/mgorny/repos/stuge/net-misc/openbsc/openbsc-9999.ebuild'

!!! ERROR: net-misc/waitlink-1-r1 failed.
!!!             ebuild-daemon.bash, line 437:  Called __ebd_process_metadata '170' 'depend'
!!!              ebuild-daemon.lib, line  30:  Called __qa_invoke 'source' '/home/mgorny/repos/gentoo/eclass/perl-module.eclass'
!!!            openbsc-9999.ebuild, line   3:  Called inherit 'git' 'autotools'
!!! die invoked from directory /usr/lib64/pkgcore
!!! Call stack:
!!!         isolated-functions.lib, line 221:  Called source '/home/mgorny/repos/gentoo/eclass/perl-module.eclass'
!!!   ebuild-default-functions.lib, line 230:  Called __internal_inherit 'git'
!!!             ebuild-daemon.bash, line 451:  Called __ebd_exec_main 'daemonize'
!!!             perl-module.eclass, line  40:  Called die
!!! The die message:
!!!  EAPI=4 is not supported by perl-module.eclass

!!!             ebuild-daemon.bash, line 370:  Called __execute_phases 'depend'
!!!              ebuild-daemon.lib, line  35:  Called die
!!! The die message:
!!!  inherit for git failed


!!! ERROR: dev-java/jBCrypt-0.3 failed.
!!! die invoked from directory /usr/lib64/pkgcore
!!! Call stack:
!!!             ebuild-daemon.bash, line 209:  Called __ebd_main_loop
!!!                     ebuild.lib, line 426:  Called __load_ebuild '/home/mgorny/repos/stuge/sci-misc/qcad/qcad-2.0.5.0.ebuild'
!!!             ebuild-daemon.bash, line 437:  Called __ebd_process_metadata '167' 'depend'
!!!             ebuild-daemon.bash, line 451:  Called __ebd_exec_main 'daemonize'
!!!                     ebuild.lib, line 241:  Called __qa_invoke 'source' '/home/mgorny/repos/stuge/sci-misc/qcad/qcad-2.0.5.0.ebuild'
!!!             ebuild-daemon.bash, line 209:  Called __ebd_main_loop
!!!         isolated-functions.lib, line 221:  Called source '/home/mgorny/repos/stuge/sci-misc/qcad/qcad-2.0.5.0.ebuild'
!!!             ebuild-daemon.bash, line 370:  Called __execute_phases 'depend'
 * 
 * "/home/mgorny/repos/stuge/www-apps/trac-ticketguidelines/trac-ticketguidelines-9999.ebuild":
 * Deprecation Warning: Usage of distutils.eclass in packages not supporting installation
 * for multiple Python ABIs in EAPI <=2 is deprecated.
 * The ebuild should to be fixed. Please report a bug, if it has not been already reported.
 * 
!!!            qcad-2.0.5.0.ebuild, line   5:  Called inherit 'kde-functions' 'eutils'
!!!             ebuild-daemon.bash, line 437:  Called __ebd_process_metadata '165' 'depend'
!!!                     ebuild.lib, line 426:  Called __load_ebuild '/home/mgorny/repos/stuge/net-misc/waitlink/waitlink-1-r1.ebuild'
 * 
 * "/home/mgorny/repos/stuge/www-apps/trac-spamfilter/trac-spamfilter-0.12.9999.ebuild":
 * Deprecation Warning: Usage of distutils.eclass in packages not supporting installation
 * for multiple Python ABIs in EAPI <=2 is deprecated.
 * The ebuild should to be fixed. Please report a bug, if it has not been already reported.
 * 
!!!   ebuild-default-functions.lib, line 230:  Called __internal_inherit 'kde-functions'
!!!             ebuild-daemon.bash, line 370:  Called __execute_phases 'depend'
 * 
 * "/home/mgorny/repos/stuge/www-apps/trac-downloads/trac-downloads-0.11.9999.ebuild":
 * Deprecation Warning: Usage of distutils.eclass in packages not supporting installation
 * for multiple Python ABIs in EAPI <=2 is deprecated.
 * The ebuild should to be fixed. Please report a bug, if it has not been already reported.
 * 
!!!              ebuild-daemon.lib, line  35:  Called die
!!! The die message:
!!!  inherit for kde-functions failed

!!!                     ebuild.lib, line 241:  Called __qa_invoke 'source' '/home/mgorny/repos/stuge/net-misc/waitlink/waitlink-1-r1.ebuild'
!!!                     ebuild.lib, line 426:  Called __load_ebuild '/home/mgorny/repos/stuge/dev-java/jBCrypt/jBCrypt-0.3.ebuild'
!!!                     ebuild.lib, line 241:  Called __qa_invoke 'source' '/home/mgorny/repos/stuge/dev-java/jBCrypt/jBCrypt-0.3.ebuild'
!!!         isolated-functions.lib, line 221:  Called source '/home/mgorny/repos/stuge/net-misc/waitlink/waitlink-1-r1.ebuild'
!!!         isolated-functions.lib, line 221:  Called source '/home/mgorny/repos/stuge/dev-java/jBCrypt/jBCrypt-0.3.ebuild'
!!!           waitlink-1-r1.ebuild, line   6:  Called inherit 'eutils' 'flag-o-matic'
!!!             jBCrypt-0.3.ebuild, line   5:  Called inherit 'java-pkg-2' 'java-pkg-simple'
!!!   ebuild-default-functions.lib, line 230:  Called __internal_inherit 'java-pkg-2'
!!!              ebuild-daemon.lib, line  37:  Called die
!!! The die message:
!!!  unknown inherit command from pythonic side, 'gen_metadata 171' for eclass java-pkg-2

received unknown com: export CATEGORY='app-misc' PR=r0 PVR=9999 PV=9999 EBUILD='/home/mgorny/repos/stuge/app-misc/taidelta/taidelta-9999.ebuild' P='taidelta-9999' PF='taidelta-9999' PN=taideltapath
!!!   ebuild-default-functions.lib, line 230:  Called __internal_inherit 'flag-o-matic'
!!!              ebuild-daemon.lib, line  37:  Called die
!!! The die message:
!!!  unknown inherit command from pythonic side, 'gen_metadata 252' for eclass flag-o-matic

received unknown com: export CATEGORY='www-apps' PR=r0 PVR='0.11.9999' PV='0.11.9999' EBUILD='/home/mgorny/repos/stuge/www-apps/trac-mastertickets/trac-mastertickets-0.11.9999.ebuild' P='trac-mastertickets-0.11.9999' PF='trac-mastertickets-0.11.9999' PN='trac-mastertickets'path
!!! caught exception inherit requires an unknown eclass, git cannot be found while processing ebuild src: net-misc/openggsn-9999
!!! caught exception inherit requires an unknown eclass, git cannot be found while processing ebuild src: net-misc/openbsc-9999
ERROR pkgcore: returned val from gen_metadata was 'False'
!!! caught exception False while processing ebuild src: games-puzzle/gnome-sudoku-0.7.1
!!! caught exception inherit requires an unknown eclass, kde-functions cannot be found while processing ebuild src: sci-misc/qcad-2.0.5.0
ERROR pkgcore: returned val from gen_metadata was 'False'
!!! caught exception False while processing ebuild src: net-misc/waitlink-1-r1
!!! caught exception Metadata Exception: pkg ebuild src: dev-java/etherpad-1.1, attr eapi
error: parsed eapi doesn't match sourced eapi while processing ebuild src: dev-java/etherpad-1.1
!!! caught exception Metadata Exception: pkg ebuild src: dev-java/json-lib-2.3, attr eapi
error: parsed eapi doesn't match sourced eapi while processing ebuild src: dev-java/json-lib-2.3
!!! caught exception Metadata Exception: pkg ebuild src: dev-java/ezmorph-1.0.6, attr eapi
error: parsed eapi doesn't match sourced eapi while processing ebuild src: dev-java/ezmorph-1.0.6
ERROR pkgcore: returned val from gen_metadata was 'False'
!!! caught exception False while processing ebuild src: dev-perl/Device-Gsm-1.60
ERROR pkgcore: returned val from gen_metadata was 'False'
!!! caught exception False while processing ebuild src: dev-java/jBCrypt-0.3
!!! caught exception Metadata Exception: pkg ebuild src: dev-java/xom-1.2.1, attr eapi
error: parsed eapi doesn't match sourced eapi while processing ebuild src: dev-java/xom-1.2.1
ERROR pkgcore: returned val from gen_metadata was 'False'
!!! caught exception False while processing ebuild src: net-print/foomatic-filters-4.0.17
ERROR pkgcore: returned val from gen_metadata was 'False'
!!! caught exception False while processing ebuild src: app-misc/taidelta-9999
ERROR pkgcore: returned val from gen_metadata was 'False'
!!! caught exception False while processing ebuild src: www-apps/trac-mastertickets-0.11.9999
Traceback (most recent call last):
  File "/usr/lib/python-exec/python2.7/pmaint", line 26, in <module>
    commandline.main(subcommands)
  File "/usr/lib64/python2.7/site-packages/pkgcore/util/commandline.py", line 867, in main
    exitstatus = main_func(options, out, err)
  File "/usr/lib64/python2.7/site-packages/pkgcore/scripts/pmaint.py", line 225, in regen_main
    eclass_caching=(not options.disable_eclass_caching))
  File "/usr/lib64/python2.7/site-packages/pkgcore/operations/__init__.py", line 68, in _recast_exception_decorator
    return functor(*args, **kwds)
  File "/usr/lib64/python2.7/site-packages/pkgcore/operations/repo.py", line 236, in _cmd_api_regen_cache
    self._get_observer(observer), threads=threads, **options)
  File "/usr/lib64/python2.7/site-packages/pkgcore/operations/regen.py", line 50, in regen_repository
    f()
  File "/usr/lib64/python2.7/site-packages/pkgcore/ebuild/repository.py", line 501, in finish
    self.ebp.disable_eclass_caching()
  File "/usr/lib64/python2.7/site-packages/pkgcore/ebuild/processor.py", line 553, in disable_eclass_caching
    self.clear_preloaded_eclasses()
  File "/usr/lib64/python2.7/site-packages/pkgcore/ebuild/processor.py", line 518, in clear_preloaded_eclasses
    self.write("clear_preloaded_eclasses")
  File "/usr/lib64/python2.7/site-packages/pkgcore/ebuild/processor.py", line 430, in write
    raise RuntimeError(ie)
RuntimeError: [Errno 32] Broken pipe

!!! ERROR: net-print/foomatic-filters-4.0.17 failed.
!!! die invoked from directory /usr/lib64/pkgcore
!!! Call stack:
!!!               ebuild-daemon.bash, line 451:  Called __ebd_exec_main 'daemonize'
!!!               ebuild-daemon.bash, line 209:  Called __ebd_main_loop
!!!               ebuild-daemon.bash, line 437:  Called __ebd_process_metadata '229' 'depend'
!!!               ebuild-daemon.bash, line 370:  Called __execute_phases 'depend'
!!!                       ebuild.lib, line 426:  Called __load_ebuild '/home/mgorny/repos/stuge/net-print/foomatic-filters/foomatic-filters-4.0.17.ebuild'
!!!                       ebuild.lib, line 241:  Called __qa_invoke 'source' '/home/mgorny/repos/stuge/net-print/foomatic-filters/foomatic-filters-4.0.17.ebuild'
!!!           isolated-functions.lib, line 221:  Called source '/home/mgorny/repos/stuge/net-print/foomatic-filters/foomatic-filters-4.0.17.ebuild'
!!!   foomatic-filters-4.0.17.ebuild, line   7:  Called inherit 'autotools' 'eutils' 'versionator'
!!!     ebuild-default-functions.lib, line 230:  Called __internal_inherit 'autotools'
!!!                ebuild-daemon.lib, line  37:  Called die
!!! The die message:
!!!  unknown inherit command from pythonic side, 'shutdown_daemon' for eclass autotools

Sandboxed process killed by signal: Broken pipe
 * Cache regen failed with 1
